<?xml version="1.0" encoding="UTF-8"?>
<testsuites name="DemoTest" time="108" tests="0" failures="0" errors="1">
   <testsuite name="DemoTest" tests="0" failures="0" errors="1" time="108" timestamp="2017-09-26 15:09:11" hostname="rgajbhiye - EET-RG.e-emphasys.com" id="Test Suites/DemoTest">
      <properties>
         <property name="deviceName" value=""/>
         <property name="devicePlatform" value=""/>
         <property name="logFolder" value="C:\\Users\\rgajbhiye\\Katalon Studio\\eXtendHTML\\Reports\\DemoTest\\20170926_150900"/>
         <property name="logFiles" value="C:\\Users\\rgajbhiye\\Katalon Studio\\eXtendHTML\\Reports\\DemoTest\\20170926_150900\\execution0.log"/>
         <property name="attachments" value=""/>
         <property name="hostName" value="rgajbhiye - EET-RG.e-emphasys.com"/>
         <property name="os" value="Windows 7 64bit"/>
         <property name="katalonVersion" value="4.8.0.2"/>
         <property name="browser" value="Firefox 43.0"/>
         <property name="hostAddress" value="192.168.25.107"/>
         <property name="sessionId" value="644e0624-6591-4d78-9ef8-8d8ad5d261db"/>
         <property name="seleniumVersion" value="2.53.0"/>
         <property name="proxyInformation" value="ProxyInformation{proxyOption=NO_PROXY, proxyServerType=HTTP, password=, proxyServerAddress=, proxyServerPort=0}"/>
         <property name="platform" value="Windows 7"/>
      </properties>
      <testcase name="Test Cases/Test" classname="Test Cases/Test" status="ERROR">
         <error type="ERROR" message="Test Cases/Test FAILED because (of) java.lang.NumberFormatException: empty String"/>
         <system-out><![CDATA[2017-09-26 15:09:11 - [TEST_CASE][ERROR] - Test Cases/Test: Test Cases/Test FAILED because (of) java.lang.NumberFormatException: empty String

2017-09-26 15:09:13 - [TEST_STEP][PASSED] - callTestCase: Call Test Case 'Test Cases/PSOHeader' successfully

2017-09-26 15:09:15 - [TEST_CASE][PASSED] - Test Cases/PSOHeader: Test Cases/PSOHeader

2017-09-26 15:09:16 - [TEST_STEP][PASSED] - callTestCase: Call Test Case 'Test Cases/OpenSession' successfully

2017-09-26 15:09:16 - [TEST_CASE][PASSED] - Test Cases/OpenSession: Test Cases/OpenSession

2017-09-26 15:09:16 - [TEST_STEP][PASSED] - openBrowser: Browser is opened with url: ''

2017-09-26 15:09:33 - [MESSAGE][PASSED] - Browser is opened with url: ''

2017-09-26 15:09:33 - [TEST_STEP][PASSED] - navigateToUrl: Navigate to 'https://rgajbhiye:Robin$123@proxima-ln4.e-emphasys.com:8441/webui/servlet/login' successfully

2017-09-26 15:09:36 - [MESSAGE][PASSED] - Navigate to 'https://rgajbhiye:Robin$123@proxima-ln4.e-emphasys.com:8441/webui/servlet/login' successfully

2017-09-26 15:09:36 - [TEST_STEP][PASSED] - waitForPageLoad: Wait for page load successfully

2017-09-26 15:09:36 - [MESSAGE][PASSED] - Wait for page load successfully

2017-09-26 15:09:36 - [TEST_STEP][PASSED] - maximizeWindow: Current window maximized

2017-09-26 15:09:36 - [MESSAGE][PASSED] - Current window maximized

2017-09-26 15:09:36 - [TEST_STEP][PASSED] - click: Object: 'Object Repository/HomePage2/Page_Infor LN UI/btn_more' is clicked on

2017-09-26 15:09:40 - [MESSAGE][PASSED] - Object: 'Object Repository/HomePage2/Page_Infor LN UI/btn_more' is clicked on

2017-09-26 15:09:40 - [TEST_STEP][PASSED] - click: Object: 'Object Repository/HomePage2/Page_Infor LN UI/btn_Option' is clicked on

2017-09-26 15:09:41 - [MESSAGE][PASSED] - Object: 'Object Repository/HomePage2/Page_Infor LN UI/btn_Option' is clicked on

2017-09-26 15:09:41 - [TEST_STEP][PASSED] - click: Object: 'Object Repository/HomePage2/Page_Infor LN UI/btn_RunProgram_' is clicked on

2017-09-26 15:09:42 - [MESSAGE][PASSED] - Object: 'Object Repository/HomePage2/Page_Infor LN UI/btn_RunProgram_' is clicked on

2017-09-26 15:09:42 - [TEST_STEP][PASSED] - sendKeys: Keys 'tdsls4500m002' sent to object: 'Object Repository/HomePage2/Page_Infor LN UI/Input_Session_ID'

2017-09-26 15:09:43 - [MESSAGE][PASSED] - Keys 'tdsls4500m002' sent to object: 'Object Repository/HomePage2/Page_Infor LN UI/Input_Session_ID'

2017-09-26 15:09:43 - [TEST_STEP][PASSED] - click: Object: 'Object Repository/HomePage2/Page_Infor LN UI/btn_options' is clicked on

2017-09-26 15:09:43 - [MESSAGE][PASSED] - Object: 'Object Repository/HomePage2/Page_Infor LN UI/btn_options' is clicked on

2017-09-26 15:09:43 - [MESSAGE][PASSED] - Call Test Case 'Test Cases/OpenSession' successfully

2017-09-26 15:09:43 - [TEST_STEP][PASSED] - click: Object: 'Object Repository/HomePage2/Page_Infor LN UI (1)/btn_tdsls4500m001_new' is clicked on

2017-09-26 15:09:47 - [MESSAGE][PASSED] - Object: 'Object Repository/HomePage2/Page_Infor LN UI (1)/btn_tdsls4500m001_new' is clicked on

2017-09-26 15:09:47 - [TEST_STEP][PASSED] - setText: Text 'M00000182' is set on object 'Object Repository/tdtre4101m002/btn_tdtre4101m002_Customer'

2017-09-26 15:09:52 - [MESSAGE][PASSED] - Text 'M00000182' is set on object 'Object Repository/tdtre4101m002/btn_tdtre4101m002_Customer'

2017-09-26 15:09:52 - [TEST_STEP][PASSED] - sendKeys: Keys '' sent to object: 'Object Repository/tdtre4101m002/btn_tdtre4101m002_Customer'

2017-09-26 15:09:53 - [MESSAGE][PASSED] - Keys '' sent to object: 'Object Repository/tdtre4101m002/btn_tdtre4101m002_Customer'

2017-09-26 15:09:53 - [TEST_STEP][PASSED] - click: Object: 'Object Repository/tdtre4101m002/btn_tdtre4101m002_save1' is clicked on

2017-09-26 15:10:01 - [MESSAGE][PASSED] - Object: 'Object Repository/tdtre4101m002/btn_tdtre4101m002_save1' is clicked on

2017-09-26 15:10:01 - [TEST_STEP][PASSED] - dragAndDropByOffset: Dragged object with id 'Object Repository/tdtre4101m002/scroll_tdtre4101m002' by offset distance x = 0 and y = -100 successfully

2017-09-26 15:10:10 - [MESSAGE][PASSED] - Dragged object with id 'Object Repository/tdtre4101m002/scroll_tdtre4101m002' by offset distance x = 0 and y = -100 successfully

2017-09-26 15:10:10 - [TEST_STEP][PASSED] - delay: Delayed 10 second(s)

2017-09-26 15:10:20 - [MESSAGE][PASSED] - Delayed 10 second(s)

2017-09-26 15:10:20 - [TEST_STEP][PASSED] - Statement - G_PSO = com.kms.katalon.core.webui.keyword.WebUiBuiltInKeywords.getAttribute(com.kms.katalon.core.testobject.ObjectRepository.findTestObject(tdtre4101m002/field_tdtre4101m002_OrderNumber), "value"): Attribute 'value' of object 'Object Repository/tdtre4101m002/field_tdtre4101m002_OrderNumber' is: 'TP0000787'

2017-09-26 15:10:20 - [MESSAGE][PASSED] - Attribute 'value' of object 'Object Repository/tdtre4101m002/field_tdtre4101m002_OrderNumber' is: 'TP0000787'

2017-09-26 15:10:20 - [TEST_STEP][PASSED] - Statement - println("sale order number" + G_PSO): null

2017-09-26 15:10:21 - [MESSAGE][PASSED] - Call Test Case 'Test Cases/PSOHeader' successfully

2017-09-26 15:10:21 - [TEST_STEP][FAILED] - callTestCase: Unable to call Test Case with id 'Test Cases/BaseTestCases/PSO_AddPartLinePos1' (Root cause: Call Test Case 'Test Cases/BaseTestCases/PSO_AddPartLinePos1' failed because of error(s))

2017-09-26 15:10:21 - [TEST_CASE][ERROR] - Test Cases/BaseTestCases/PSO_AddPartLinePos1: Test Cases/BaseTestCases/PSO_AddPartLinePos1 FAILED because (of) java.lang.NumberFormatException: empty String

2017-09-26 15:10:21 - [TEST_STEP][PASSED] - click: Object: 'Object Repository/tdtre4101m002/btn_tdtre4101s002_newpart' is clicked on

2017-09-26 15:10:26 - [MESSAGE][PASSED] - Object: 'Object Repository/tdtre4101m002/btn_tdtre4101s002_newpart' is clicked on

2017-09-26 15:10:26 - [TEST_STEP][PASSED] - setText: Text 'KP3' is set on object 'Object Repository/tdtre4101m002/Line1/input_tdtre4101s002_Partnumber'

2017-09-26 15:10:27 - [MESSAGE][PASSED] - Text 'KP3' is set on object 'Object Repository/tdtre4101m002/Line1/input_tdtre4101s002_Partnumber'

2017-09-26 15:10:27 - [TEST_STEP][PASSED] - scrollToElement: Scroll to object 'Object Repository/tdtre4101m002/Line1/input_tdtre4101s002-2-Quantity' successfully

2017-09-26 15:10:32 - [MESSAGE][PASSED] - Scroll to object 'Object Repository/tdtre4101m002/Line1/input_tdtre4101s002-2-Quantity' successfully

2017-09-26 15:10:32 - [TEST_STEP][PASSED] - click: Object: 'Object Repository/tdtre4101m002/Line1/input_tdtre4101s002-2-Quantity' is clicked on

2017-09-26 15:10:38 - [MESSAGE][PASSED] - Object: 'Object Repository/tdtre4101m002/Line1/input_tdtre4101s002-2-Quantity' is clicked on

2017-09-26 15:10:38 - [TEST_STEP][PASSED] - setText: Text '2' is set on object 'Object Repository/tdtre4101m002/Line1/input_tdtre4101s002-Qty1'

2017-09-26 15:10:39 - [MESSAGE][PASSED] - Text '2' is set on object 'Object Repository/tdtre4101m002/Line1/input_tdtre4101s002-Qty1'

2017-09-26 15:10:39 - [TEST_STEP][PASSED] - click: Object: 'Object Repository/tdtre4101m002/btn_tdtre4101m002_save1' is clicked on

2017-09-26 15:10:44 - [MESSAGE][PASSED] - Object: 'Object Repository/tdtre4101m002/btn_tdtre4101m002_save1' is clicked on

2017-09-26 15:10:44 - [TEST_STEP][PASSED] - delay: Delayed 10 second(s)

2017-09-26 15:10:54 - [MESSAGE][PASSED] - Delayed 10 second(s)

2017-09-26 15:10:54 - [TEST_STEP][PASSED] - scrollToElement: Scroll to object 'Object Repository/tdtre4101m002/Line1/firmPrice' successfully

2017-09-26 15:10:55 - [MESSAGE][PASSED] - Scroll to object 'Object Repository/tdtre4101m002/Line1/firmPrice' successfully

2017-09-26 15:10:55 - [TEST_STEP][PASSED] - Statement - G_FirmPrice = com.kms.katalon.core.webui.keyword.WebUiBuiltInKeywords.getText(com.kms.katalon.core.testobject.ObjectRepository.findTestObject(tdtre4101m002/Line1/firmPrice)): Text of object 'Object Repository/tdtre4101m002/Line1/firmPrice' is: '40.00'

2017-09-26 15:10:55 - [MESSAGE][PASSED] - Text of object 'Object Repository/tdtre4101m002/Line1/firmPrice' is: '40.00'

2017-09-26 15:10:55 - [TEST_STEP][PASSED] - Statement - Qty1 = com.kms.katalon.core.webui.keyword.WebUiBuiltInKeywords.getText(com.kms.katalon.core.testobject.ObjectRepository.findTestObject(tdtre4101m002/Line1/input_tdtre4101s002-Qty)): Text of object 'Object Repository/tdtre4101m002/Line1/input_tdtre4101s002-Qty' is: ''

2017-09-26 15:10:55 - [MESSAGE][PASSED] - Text of object 'Object Repository/tdtre4101m002/Line1/input_tdtre4101s002-Qty' is: ''

2017-09-26 15:10:55 - [MESSAGE][FAILED] - Unable to call Test Case with id 'Test Cases/BaseTestCases/PSO_AddPartLinePos1' (Root cause: Call Test Case 'Test Cases/BaseTestCases/PSO_AddPartLinePos1' failed because of error(s))]]></system-out>
         <system-err><![CDATA[2017-09-26 15:09:11 - [TEST_CASE][ERROR] - Test Cases/Test: Test Cases/Test FAILED because (of) java.lang.NumberFormatException: empty String]]></system-err>
      </testcase>
      <system-out><![CDATA[2017-09-26 15:09:11 - [TEST_SUITE][ERROR] - DemoTest: Test Cases/Test FAILED because (of) java.lang.NumberFormatException: empty String]]></system-out>
      <system-err><![CDATA[2017-09-26 15:09:11 - [TEST_SUITE][ERROR] - DemoTest: Test Cases/Test FAILED because (of) java.lang.NumberFormatException: empty String]]></system-err>
   </testsuite>
</testsuites>
